<?xml version="1.0" encoding="UTF-8"?>
<!-- Generated by org.testng.reporters.JUnitReportReporter -->
<testsuite hostname="cheng" name="com.lodogame.game.dao.impl.mysql.PaymentLogDaoMysqlImplTest" tests="1" failures="0" timestamp="15 May 2015 02:11:22 GMT" time="0.000" errors="0">
  <testcase name="getPaymenList" time="0.000" classname="com.lodogame.game.dao.impl.mysql.PaymentLogDaoMysqlImplTest"/>
</testsuite> <!-- com.lodogame.game.dao.impl.mysql.PaymentLogDaoMysqlImplTest -->
